\BOOKMARK [1][-]{section.1}{\376\377\137\025\212\000}{}% 1
\BOOKMARK [1][-]{section.2}{\376\377\200\314\146\157\167\345\213\306}{}% 2
\BOOKMARK [2][-]{subsection.2.1}{\376\377\000K\000V\000\040\000C\000a\000c\000h\000e\166\204\143\320\121\372}{section.2}% 3
\BOOKMARK [2][-]{subsection.2.2}{\376\377\000K\000V\000\040\000C\000a\000c\000h\000e\166\204\121\205\133\130\117\030\123\026}{section.2}% 4
\BOOKMARK [3][-]{subsubsection.2.2.1}{\376\377\121\205\133\130\170\216\162\107\117\030\123\026}{subsection.2.2}% 5
\BOOKMARK [3][-]{subsubsection.2.2.2}{\376\377\137\040\221\317\116\244\143\142\116\016\137\040\221\317\221\315\173\227}{subsection.2.2}% 6
\BOOKMARK [1][-]{section.3}{\376\377\170\024\172\166\141\017\116\111}{}% 7
\BOOKMARK [1][-]{section.4}{\376\377\117\030\123\026\213\276\213\241}{}% 8
\BOOKMARK [2][-]{subsection.4.1}{\376\377\145\164\117\123\147\266\147\204}{section.4}% 9
\BOOKMARK [2][-]{subsection.4.2}{\376\377\137\040\221\317\221\315\173\227\122\006\147\220\126\150}{section.4}% 10
\BOOKMARK [3][-]{subsubsection.4.2.1}{\376\377\173\227\133\120\174\222\136\246\137\000\225\000\122\006\147\220}{subsection.4.2}% 11
\BOOKMARK [3][-]{subsubsection.4.2.2}{\376\377\123\125\153\145\143\250\164\006\137\000\225\000\230\204\155\113\152\041\127\213}{subsection.4.2}% 12
\BOOKMARK [2][-]{subsection.4.3}{\376\377\137\040\221\317\116\244\143\142\122\006\147\220\126\150}{section.4}% 13
\BOOKMARK [2][-]{subsection.4.4}{\376\377\121\205\133\130\117\030\123\026\121\263\173\126\126\150}{section.4}% 14
\BOOKMARK [2][-]{subsection.4.5}{\376\377\165\050\142\067\213\367\154\102\214\003\136\246\126\150}{section.4}% 15
\BOOKMARK [1][-]{section.5}{\376\377\133\236\232\214\232\214\213\301}{}% 16
\BOOKMARK [2][-]{subsection.5.1}{\376\377\133\236\232\214\163\257\130\203}{section.5}% 17
\BOOKMARK [2][-]{subsection.5.2}{\376\377\133\236\232\214\213\276\177\156}{section.5}% 18
\BOOKMARK [2][-]{subsection.5.3}{\376\377\124\036\124\020\163\207\155\113\213\325}{section.5}% 19
\BOOKMARK [2][-]{subsection.5.4}{\376\377\133\236\145\366\140\047\155\113\213\325}{section.5}% 20
\BOOKMARK [2][-]{subsection.5.5}{\376\377\137\000\225\000\230\204\155\113}{section.5}% 21
\BOOKMARK [3][-]{subsubsection.5.5.1}{\376\377\137\040\221\317\221\315\173\227\230\204\155\113\213\357\135\356}{subsection.5.5}% 22
\BOOKMARK [3][-]{subsubsection.5.5.2}{\376\377\137\040\221\317\116\244\143\142\230\204\155\113\213\357\135\356}{subsection.5.5}% 23
\BOOKMARK [2][-]{subsection.5.6}{\376\377\121\166\133\203\155\113\213\325}{section.5}% 24
\BOOKMARK [1][-]{section.6}{\376\377\166\370\121\163\135\345\117\134}{}% 25
\BOOKMARK [2][-]{subsubsection.6.0.1}{\376\377\145\351\147\037\135\345\117\134}{section.6}% 26
\BOOKMARK [3][-]{subsubsection.6.0.2}{\376\377\137\040\221\317\116\244\143\142\166\204\143\320\121\372}{subsubsection.6.0.1}% 27
\BOOKMARK [3][-]{subsubsection.6.0.3}{\376\377\214\003\136\246\174\222\136\246\166\204\217\154\123\330}{subsubsection.6.0.1}% 28
\BOOKMARK [3][-]{subsubsection.6.0.4}{\376\377\142\225\147\072\143\250\164\006\142\200\147\057}{subsubsection.6.0.1}% 29
\BOOKMARK [1][-]{section.7}{\376\377\147\052\147\145\135\345\117\134}{}% 30
\BOOKMARK [2][-]{subsubsection.7.0.1}{\376\377\137\040\221\317\123\213\177\051\142\200\147\057}{section.7}% 31
\BOOKMARK [3][-]{subsubsection.7.0.2}{\376\377\121\205\133\130\117\030\123\026\116\016\122\115\124\021\117\040\144\255\166\204\136\166\210\114}{subsubsection.7.0.1}% 32
\BOOKMARK [3][-]{subsubsection.7.0.3}{\376\377\137\040\221\317\136\166\210\114\116\016\155\101\154\064\176\277\136\166\210\114\000\040\000P\000a\000r\000a\000l\000l\000e\000l\000i\000s\000m}{subsubsection.7.0.1}% 33
\BOOKMARK [1][-]{section.8}{\376\377\176\323\213\272}{}% 34
